0 info it worked if it ends with ok
1 verbose cli [ '/Users/peter/.nvm/versions/node/v6.17.1/bin/node',
1 verbose cli   '/Users/peter/.nvm/versions/node/v6.17.1/bin/npm',
1 verbose cli   'run',
1 verbose cli   'develop' ]
2 info using npm@3.10.10
3 info using node@v6.17.1
4 verbose run-script [ 'predevelop', 'develop', 'postdevelop' ]
5 info lifecycle gatsby-starter-netlify-cms@1.1.3~predevelop: gatsby-starter-netlify-cms@1.1.3
6 silly lifecycle gatsby-starter-netlify-cms@1.1.3~predevelop: no script for predevelop, continuing
7 info lifecycle gatsby-starter-netlify-cms@1.1.3~develop: gatsby-starter-netlify-cms@1.1.3
8 verbose lifecycle gatsby-starter-netlify-cms@1.1.3~develop: unsafe-perm in lifecycle true
9 verbose lifecycle gatsby-starter-netlify-cms@1.1.3~develop: PATH: /Users/peter/.nvm/versions/node/v6.17.1/lib/node_modules/npm/bin/node-gyp-bin:/Users/peter/Sites/ahmnew/node_modules/.bin:/Users/peter/.nvm/versions/node/v6.17.1/bin:/Users/peter/.nvm/versions/node/v11.15.0/bin:/Users/peter/.nvm/versions/node/v18.14.2/bin:/usr/local/bin:/System/Cryptexes/App/usr/bin:/usr/bin:/bin:/usr/sbin:/sbin:/opt/X11/bin:/Library/Apple/usr/bin:/Users/peter/.nvm/versions/node/v18.14.2/bin:/Users/peter/.yarn/bin:/Users/peter/.config/yarn/global/node_modules/.bin:/Users/peter/bin:/usr/local/var/homebrew/linked/drush:/usr/local/mysql/bin:/usr/local/opt/php@7.4/bin:/Users/peter/Library/Python/3.8/bin
10 verbose lifecycle gatsby-starter-netlify-cms@1.1.3~develop: CWD: /Users/peter/Sites/ahmnew
11 silly lifecycle gatsby-starter-netlify-cms@1.1.3~develop: Args: [ '-c', 'npm run clean && gatsby develop' ]
12 silly lifecycle gatsby-starter-netlify-cms@1.1.3~develop: Returned: code: 1  signal: null
13 info lifecycle gatsby-starter-netlify-cms@1.1.3~develop: Failed to exec develop script
14 verbose stack Error: gatsby-starter-netlify-cms@1.1.3 develop: `npm run clean && gatsby develop`
14 verbose stack Exit status 1
14 verbose stack     at EventEmitter.<anonymous> (/Users/peter/.nvm/versions/node/v6.17.1/lib/node_modules/npm/lib/utils/lifecycle.js:255:16)
14 verbose stack     at emitTwo (events.js:106:13)
14 verbose stack     at EventEmitter.emit (events.js:191:7)
14 verbose stack     at ChildProcess.<anonymous> (/Users/peter/.nvm/versions/node/v6.17.1/lib/node_modules/npm/lib/utils/spawn.js:40:14)
14 verbose stack     at emitTwo (events.js:106:13)
14 verbose stack     at ChildProcess.emit (events.js:191:7)
14 verbose stack     at maybeClose (internal/child_process.js:920:16)
14 verbose stack     at Process.ChildProcess._handle.onexit (internal/child_process.js:230:5)
15 verbose pkgid gatsby-starter-netlify-cms@1.1.3
16 verbose cwd /Users/peter/Sites/ahmnew
17 error Darwin 22.1.0
18 error argv "/Users/peter/.nvm/versions/node/v6.17.1/bin/node" "/Users/peter/.nvm/versions/node/v6.17.1/bin/npm" "run" "develop"
19 error node v6.17.1
20 error npm  v3.10.10
21 error code ELIFECYCLE
22 error gatsby-starter-netlify-cms@1.1.3 develop: `npm run clean && gatsby develop`
22 error Exit status 1
23 error Failed at the gatsby-starter-netlify-cms@1.1.3 develop script 'npm run clean && gatsby develop'.
23 error Make sure you have the latest version of node.js and npm installed.
23 error If you do, this is most likely a problem with the gatsby-starter-netlify-cms package,
23 error not with npm itself.
23 error Tell the author that this fails on your system:
23 error     npm run clean && gatsby develop
23 error You can get information on how to open an issue for this project with:
23 error     npm bugs gatsby-starter-netlify-cms
23 error Or if that isn't available, you can get their info via:
23 error     npm owner ls gatsby-starter-netlify-cms
23 error There is likely additional logging output above.
24 verbose exit [ 1, true ]
